<?xml version="1.0" encoding="UTF-8"?>
<testng-results skipped="0" failed="0" ignored="0" total="2" passed="2">
  <reporter-output>
  </reporter-output>
  <suite name="Default suite" duration-ms="18549" started-at="2019-05-09T07:43:40Z" finished-at="2019-05-09T07:43:59Z">
    <groups>
    </groups>
    <test name="Default test" duration-ms="18549" started-at="2019-05-09T07:43:40Z" finished-at="2019-05-09T07:43:59Z">
      <class name="com.actitime.testscripts.CustomerTest">
        <test-method status="PASS" signature="configBeforeSuite()[pri:0, instance:com.actitime.testscripts.CustomerTest@3e6fa38a]" name="configBeforeSuite" is-config="true" duration-ms="16" started-at="2019-05-09T07:43:40Z" finished-at="2019-05-09T07:43:40Z">
          <reporter-output>
          </reporter-output>
        </test-method> <!-- configBeforeSuite -->
        <test-method status="PASS" signature="configBC()[pri:0, instance:com.actitime.testscripts.CustomerTest@3e6fa38a]" name="configBC" is-config="true" duration-ms="4299" started-at="2019-05-09T07:43:40Z" finished-at="2019-05-09T07:43:45Z">
          <reporter-output>
          </reporter-output>
        </test-method> <!-- configBC -->
        <test-method status="PASS" signature="configBeforeMethod()[pri:0, instance:com.actitime.testscripts.CustomerTest@3e6fa38a]" name="configBeforeMethod" is-config="true" duration-ms="1130" started-at="2019-05-09T07:43:45Z" finished-at="2019-05-09T07:43:46Z">
          <reporter-output>
          </reporter-output>
        </test-method> <!-- configBeforeMethod -->
        <test-method status="PASS" signature="createCustomerTest()[pri:0, instance:com.actitime.testscripts.CustomerTest@3e6fa38a]" name="createCustomerTest" duration-ms="4110" started-at="2019-05-09T07:43:46Z" finished-at="2019-05-09T07:43:50Z">
          <reporter-output>
          </reporter-output>
        </test-method> <!-- createCustomerTest -->
        <test-method status="PASS" signature="configAfterMethod()[pri:0, instance:com.actitime.testscripts.CustomerTest@3e6fa38a]" name="configAfterMethod" is-config="true" duration-ms="2250" started-at="2019-05-09T07:43:50Z" finished-at="2019-05-09T07:43:52Z">
          <reporter-output>
          </reporter-output>
        </test-method> <!-- configAfterMethod -->
        <test-method status="PASS" signature="configBeforeMethod()[pri:0, instance:com.actitime.testscripts.CustomerTest@3e6fa38a]" name="configBeforeMethod" is-config="true" duration-ms="805" started-at="2019-05-09T07:43:52Z" finished-at="2019-05-09T07:43:53Z">
          <reporter-output>
          </reporter-output>
        </test-method> <!-- configBeforeMethod -->
        <test-method status="PASS" signature="createCustomerWithDescriptionTest()[pri:0, instance:com.actitime.testscripts.CustomerTest@3e6fa38a]" name="createCustomerWithDescriptionTest" duration-ms="3657" started-at="2019-05-09T07:43:53Z" finished-at="2019-05-09T07:43:57Z">
          <reporter-output>
          </reporter-output>
        </test-method> <!-- createCustomerWithDescriptionTest -->
        <test-method status="PASS" signature="configAfterMethod()[pri:0, instance:com.actitime.testscripts.CustomerTest@3e6fa38a]" name="configAfterMethod" is-config="true" duration-ms="2280" started-at="2019-05-09T07:43:57Z" finished-at="2019-05-09T07:43:59Z">
          <reporter-output>
          </reporter-output>
        </test-method> <!-- configAfterMethod -->
        <test-method status="PASS" signature="conficAfterClass()[pri:0, instance:com.actitime.testscripts.CustomerTest@3e6fa38a]" name="conficAfterClass" is-config="true" duration-ms="0" started-at="2019-05-09T07:43:59Z" finished-at="2019-05-09T07:43:59Z">
          <reporter-output>
          </reporter-output>
        </test-method> <!-- conficAfterClass -->
      </class> <!-- com.actitime.testscripts.CustomerTest -->
    </test> <!-- Default test -->
  </suite> <!-- Default suite -->
</testng-results>
