<?xml version="1.0" encoding="UTF-8"?>
<!-- Generated by org.testng.reporters.JUnitXMLReporter -->
<testsuite hostname="DESKTOP-6PKJUM2" ignored="0" name="Default test" tests="2" failures="0" timestamp="09 May 2019 07:43:59 GMT" time="18.549" errors="0">
  <testcase name="createCustomerTest" time="4.11" classname="com.actitime.testscripts.CustomerTest"/>
  <testcase name="createCustomerWithDescriptionTest" time="3.657" classname="com.actitime.testscripts.CustomerTest"/>
</testsuite> <!-- Default test -->
